SCRIPT_PATH: /home/kruu/git_folder/wake_encounter/run/run_sim.sh
APP_ROOT: /home/kruu/git_folder/wake_encounter
Sourcing /cm/shared/apps/Miniforge3/etc/profile.d/conda.sh
Sourcing /cm/shared/apps/Miniforge3/etc/profile.d/mamba.sh
I am running on srv-lab-t-260
I am running with job id 3210
fatal: not a git repository (or any parent up to mount point /)
Stopping at filesystem boundary (GIT_DISCOVERY_ACROSS_FILESYSTEM not set).
fatal: not a git repository (or any parent up to mount point /)
Stopping at filesystem boundary (GIT_DISCOVERY_ACROSS_FILESYSTEM not set).
fatal: not a git repository (or any parent up to mount point /)
Stopping at filesystem boundary (GIT_DISCOVERY_ACROSS_FILESYSTEM not set).
fatal: not a git repository (or any parent up to mount point /)
Stopping at filesystem boundary (GIT_DISCOVERY_ACROSS_FILESYSTEM not set).
fatal: not a git repository (or any parent up to mount point /)
Stopping at filesystem boundary (GIT_DISCOVERY_ACROSS_FILESYSTEM not set).
fatal: not a git repository (or any parent up to mount point /)
Stopping at filesystem boundary (GIT_DISCOVERY_ACROSS_FILESYSTEM not set).
fatal: not a git repository (or any parent up to mount point /)
Stopping at filesystem boundary (GIT_DISCOVERY_ACROSS_FILESYSTEM not set).
fatal: not a git repository (or any parent up to mount point /)
Stopping at filesystem boundary (GIT_DISCOVERY_ACROSS_FILESYSTEM not set).
fatal: not a git repository (or any parent up to mount point /)
Stopping at filesystem boundary (GIT_DISCOVERY_ACROSS_FILESYSTEM not set).
fatal: not a git repository (or any parent up to mount point /)
Stopping at filesystem boundary (GIT_DISCOVERY_ACROSS_FILESYSTEM not set).
fatal: not a git repository (or any parent up to mount point /)
Stopping at filesystem boundary (GIT_DISCOVERY_ACROSS_FILESYSTEM not set).
fatal: not a git repository (or any parent up to mount point /)
Stopping at filesystem boundary (GIT_DISCOVERY_ACROSS_FILESYSTEM not set).
fatal: not a git repository (or any parent up to mount point /)
Stopping at filesystem boundary (GIT_DISCOVERY_ACROSS_FILESYSTEM not set).
fatal: not a git repository (or any parent up to mount point /)
Stopping at filesystem boundary (GIT_DISCOVERY_ACROSS_FILESYSTEM not set).
fatal: not a git repository (or any parent up to mount point /)
Stopping at filesystem boundary (GIT_DISCOVERY_ACROSS_FILESYSTEM not set).
fatal: not a git repository (or any parent up to mount point /)
Stopping at filesystem boundary (GIT_DISCOVERY_ACROSS_FILESYSTEM not set).
fatal: not a git repository (or any parent up to mount point /)
Stopping at filesystem boundary (GIT_DISCOVERY_ACROSS_FILESYSTEM not set).
fatal: not a git repository (or any parent up to mount point /)
Stopping at filesystem boundary (GIT_DISCOVERY_ACROSS_FILESYSTEM not set).
fatal: not a git repository (or any parent up to mount point /)
Stopping at filesystem boundary (GIT_DISCOVERY_ACROSS_FILESYSTEM not set).
fatal: not a git repository (or any parent up to mount point /)
Stopping at filesystem boundary (GIT_DISCOVERY_ACROSS_FILESYSTEM not set).
fatal: not a git repository (or any parent up to mount point /)
Stopping at filesystem boundary (GIT_DISCOVERY_ACROSS_FILESYSTEM not set).
fatal: not a git repository (or any parent up to mount point /)
Stopping at filesystem boundary (GIT_DISCOVERY_ACROSS_FILESYSTEM not set).
fatal: not a git repository (or any parent up to mount point /)
Stopping at filesystem boundary (GIT_DISCOVERY_ACROSS_FILESYSTEM not set).
fatal: not a git repository (or any parent up to mount point /)
Stopping at filesystem boundary (GIT_DISCOVERY_ACROSS_FILESYSTEM not set).
fatal: not a git repository (or any parent up to mount point /)
Stopping at filesystem boundary (GIT_DISCOVERY_ACROSS_FILESYSTEM not set).
fatal: not a git repository (or any parent up to mount point /)
Stopping at filesystem boundary (GIT_DISCOVERY_ACROSS_FILESYSTEM not set).
fatal: not a git repository (or any parent up to mount point /)
Stopping at filesystem boundary (GIT_DISCOVERY_ACROSS_FILESYSTEM not set).
fatal: not a git repository (or any parent up to mount point /)
Stopping at filesystem boundary (GIT_DISCOVERY_ACROSS_FILESYSTEM not set).
fatal: not a git repository (or any parent up to mount point /)
Stopping at filesystem boundary (GIT_DISCOVERY_ACROSS_FILESYSTEM not set).
fatal: not a git repository (or any parent up to mount point /)
Stopping at filesystem boundary (GIT_DISCOVERY_ACROSS_FILESYSTEM not set).
fatal: not a git repository (or any parent up to mount point /)
Stopping at filesystem boundary (GIT_DISCOVERY_ACROSS_FILESYSTEM not set).
fatal: not a git repository (or any parent up to mount point /)
Stopping at filesystem boundary (GIT_DISCOVERY_ACROSS_FILESYSTEM not set).
fatal: not a git repository (or any parent up to mount point /)
Stopping at filesystem boundary (GIT_DISCOVERY_ACROSS_FILESYSTEM not set).
fatal: not a git repository (or any parent up to mount point /)
Stopping at filesystem boundary (GIT_DISCOVERY_ACROSS_FILESYSTEM not set).
fatal: not a git repository (or any parent up to mount point /)
Stopping at filesystem boundary (GIT_DISCOVERY_ACROSS_FILESYSTEM not set).
fatal: not a git repository (or any parent up to mount point /)
Stopping at filesystem boundary (GIT_DISCOVERY_ACROSS_FILESYSTEM not set).
fatal: not a git repository (or any parent up to mount point /)
Stopping at filesystem boundary (GIT_DISCOVERY_ACROSS_FILESYSTEM not set).
fatal: not a git repository (or any parent up to mount point /)
Stopping at filesystem boundary (GIT_DISCOVERY_ACROSS_FILESYSTEM not set).
fatal: not a git repository (or any parent up to mount point /)
Stopping at filesystem boundary (GIT_DISCOVERY_ACROSS_FILESYSTEM not set).
fatal: not a git repository (or any parent up to mount point /)
Stopping at filesystem boundary (GIT_DISCOVERY_ACROSS_FILESYSTEM not set).
fatal: not a git repository (or any parent up to mount point /)
Stopping at filesystem boundary (GIT_DISCOVERY_ACROSS_FILESYSTEM not set).
fatal: not a git repository (or any parent up to mount point /)
Stopping at filesystem boundary (GIT_DISCOVERY_ACROSS_FILESYSTEM not set).
fatal: not a git repository (or any parent up to mount point /)
Stopping at filesystem boundary (GIT_DISCOVERY_ACROSS_FILESYSTEM not set).
fatal: not a git repository (or any parent up to mount point /)
Stopping at filesystem boundary (GIT_DISCOVERY_ACROSS_FILESYSTEM not set).
fatal: not a git repository (or any parent up to mount point /)
Stopping at filesystem boundary (GIT_DISCOVERY_ACROSS_FILESYSTEM not set).
fatal: not a git repository (or any parent up to mount point /)
Stopping at filesystem boundary (GIT_DISCOVERY_ACROSS_FILESYSTEM not set).
fatal: not a git repository (or any parent up to mount point /)
Stopping at filesystem boundary (GIT_DISCOVERY_ACROSS_FILESYSTEM not set).
fatal: not a git repository (or any parent up to mount point /)
Stopping at filesystem boundary (GIT_DISCOVERY_ACROSS_FILESYSTEM not set).
fatal: not a git repository (or any parent up to mount point /)
Stopping at filesystem boundary (GIT_DISCOVERY_ACROSS_FILESYSTEM not set).
fatal: not a git repository (or any parent up to mount point /)
Stopping at filesystem boundary (GIT_DISCOVERY_ACROSS_FILESYSTEM not set).
fatal: not a git repository (or any parent up to mount point /)
Stopping at filesystem boundary (GIT_DISCOVERY_ACROSS_FILESYSTEM not set).
fatal: not a git repository (or any parent up to mount point /)
Stopping at filesystem boundary (GIT_DISCOVERY_ACROSS_FILESYSTEM not set).
fatal: not a git repository (or any parent up to mount point /)
Stopping at filesystem boundary (GIT_DISCOVERY_ACROSS_FILESYSTEM not set).
fatal: not a git repository (or any parent up to mount point /)
Stopping at filesystem boundary (GIT_DISCOVERY_ACROSS_FILESYSTEM not set).
fatal: not a git repository (or any parent up to mount point /)
Stopping at filesystem boundary (GIT_DISCOVERY_ACROSS_FILESYSTEM not set).
fatal: not a git repository (or any parent up to mount point /)
Stopping at filesystem boundary (GIT_DISCOVERY_ACROSS_FILESYSTEM not set).
fatal: not a git repository (or any parent up to mount point /)
Stopping at filesystem boundary (GIT_DISCOVERY_ACROSS_FILESYSTEM not set).
fatal: not a git repository (or any parent up to mount point /)
Stopping at filesystem boundary (GIT_DISCOVERY_ACROSS_FILESYSTEM not set).
fatal: not a git repository (or any parent up to mount point /)
Stopping at filesystem boundary (GIT_DISCOVERY_ACROSS_FILESYSTEM not set).
fatal: not a git repository (or any parent up to mount point /)
Stopping at filesystem boundary (GIT_DISCOVERY_ACROSS_FILESYSTEM not set).
fatal: not a git repository (or any parent up to mount point /)
Stopping at filesystem boundary (GIT_DISCOVERY_ACROSS_FILESYSTEM not set).
fatal: not a git repository (or any parent up to mount point /)
Stopping at filesystem boundary (GIT_DISCOVERY_ACROSS_FILESYSTEM not set).
fatal: not a git repository (or any parent up to mount point /)
Stopping at filesystem boundary (GIT_DISCOVERY_ACROSS_FILESYSTEM not set).
fatal: not a git repository (or any parent up to mount point /)
Stopping at filesystem boundary (GIT_DISCOVERY_ACROSS_FILESYSTEM not set).
fatal: not a git repository (or any parent up to mount point /)
Stopping at filesystem boundary (GIT_DISCOVERY_ACROSS_FILESYSTEM not set).
fatal: not a git repository (or any parent up to mount point /)
Stopping at filesystem boundary (GIT_DISCOVERY_ACROSS_FILESYSTEM not set).
fatal: not a git repository (or any parent up to mount point /)
Stopping at filesystem boundary (GIT_DISCOVERY_ACROSS_FILESYSTEM not set).
fatal: not a git repository (or any parent up to mount point /)
Stopping at filesystem boundary (GIT_DISCOVERY_ACROSS_FILESYSTEM not set).
fatal: not a git repository (or any parent up to mount point /)
Stopping at filesystem boundary (GIT_DISCOVERY_ACROSS_FILESYSTEM not set).
fatal: not a git repository (or any parent up to mount point /)
Stopping at filesystem boundary (GIT_DISCOVERY_ACROSS_FILESYSTEM not set).
fatal: not a git repository (or any parent up to mount point /)
Stopping at filesystem boundary (GIT_DISCOVERY_ACROSS_FILESYSTEM not set).
fatal: not a git repository (or any parent up to mount point /)
Stopping at filesystem boundary (GIT_DISCOVERY_ACROSS_FILESYSTEM not set).
fatal: not a git repository (or any parent up to mount point /)
Stopping at filesystem boundary (GIT_DISCOVERY_ACROSS_FILESYSTEM not set).
fatal: not a git repository (or any parent up to mount point /)
Stopping at filesystem boundary (GIT_DISCOVERY_ACROSS_FILESYSTEM not set).
fatal: not a git repository (or any parent up to mount point /)
Stopping at filesystem boundary (GIT_DISCOVERY_ACROSS_FILESYSTEM not set).
fatal: not a git repository (or any parent up to mount point /)
Stopping at filesystem boundary (GIT_DISCOVERY_ACROSS_FILESYSTEM not set).
fatal: not a git repository (or any parent up to mount point /)
Stopping at filesystem boundary (GIT_DISCOVERY_ACROSS_FILESYSTEM not set).
fatal: not a git repository (or any parent up to mount point /)
Stopping at filesystem boundary (GIT_DISCOVERY_ACROSS_FILESYSTEM not set).
fatal: not a git repository (or any parent up to mount point /)
Stopping at filesystem boundary (GIT_DISCOVERY_ACROSS_FILESYSTEM not set).
fatal: not a git repository (or any parent up to mount point /)
Stopping at filesystem boundary (GIT_DISCOVERY_ACROSS_FILESYSTEM not set).
fatal: not a git repository (or any parent up to mount point /)
Stopping at filesystem boundary (GIT_DISCOVERY_ACROSS_FILESYSTEM not set).
fatal: not a git repository (or any parent up to mount point /)
Stopping at filesystem boundary (GIT_DISCOVERY_ACROSS_FILESYSTEM not set).
fatal: not a git repository (or any parent up to mount point /)
Stopping at filesystem boundary (GIT_DISCOVERY_ACROSS_FILESYSTEM not set).
fatal: not a git repository (or any parent up to mount point /)
Stopping at filesystem boundary (GIT_DISCOVERY_ACROSS_FILESYSTEM not set).
fatal: not a git repository (or any parent up to mount point /)
Stopping at filesystem boundary (GIT_DISCOVERY_ACROSS_FILESYSTEM not set).
fatal: not a git repository (or any parent up to mount point /)
Stopping at filesystem boundary (GIT_DISCOVERY_ACROSS_FILESYSTEM not set).
fatal: not a git repository (or any parent up to mount point /)
Stopping at filesystem boundary (GIT_DISCOVERY_ACROSS_FILESYSTEM not set).
fatal: not a git repository (or any parent up to mount point /)
Stopping at filesystem boundary (GIT_DISCOVERY_ACROSS_FILESYSTEM not set).
fatal: not a git repository (or any parent up to mount point /)
Stopping at filesystem boundary (GIT_DISCOVERY_ACROSS_FILESYSTEM not set).
fatal: not a git repository (or any parent up to mount point /)
Stopping at filesystem boundary (GIT_DISCOVERY_ACROSS_FILESYSTEM not set).
fatal: not a git repository (or any parent up to mount point /)
Stopping at filesystem boundary (GIT_DISCOVERY_ACROSS_FILESYSTEM not set).
fatal: not a git repository (or any parent up to mount point /)
Stopping at filesystem boundary (GIT_DISCOVERY_ACROSS_FILESYSTEM not set).
fatal: not a git repository (or any parent up to mount point /)
Stopping at filesystem boundary (GIT_DISCOVERY_ACROSS_FILESYSTEM not set).
fatal: not a git repository (or any parent up to mount point /)
Stopping at filesystem boundary (GIT_DISCOVERY_ACROSS_FILESYSTEM not set).
fatal: not a git repository (or any parent up to mount point /)
Stopping at filesystem boundary (GIT_DISCOVERY_ACROSS_FILESYSTEM not set).
fatal: not a git repository (or any parent up to mount point /)
Stopping at filesystem boundary (GIT_DISCOVERY_ACROSS_FILESYSTEM not set).
fatal: not a git repository (or any parent up to mount point /)
Stopping at filesystem boundary (GIT_DISCOVERY_ACROSS_FILESYSTEM not set).
fatal: not a git repository (or any parent up to mount point /)
Stopping at filesystem boundary (GIT_DISCOVERY_ACROSS_FILESYSTEM not set).
fatal: not a git repository (or any parent up to mount point /)
Stopping at filesystem boundary (GIT_DISCOVERY_ACROSS_FILESYSTEM not set).
fatal: not a git repository (or any parent up to mount point /)
Stopping at filesystem boundary (GIT_DISCOVERY_ACROSS_FILESYSTEM not set).
STOP Singular matrix
STOP Singular matrix
STOP Singular matrix
STOP Singular matrix
STOP Singular matrix
STOP Singular matrix
STOP Singular matrix
STOP Singular matrix
STOP Singular matrix
STOP Singular matrix
Traceback (most recent call last):
  File "/home/kruu/git_folder/wake_encounter/wake_modeling/fwc_wake_encounter.py", line 134, in <module>
    main()
  File "/home/kruu/.conda/envs/wake_encounter/lib/python3.10/site-packages/click/core.py", line 1157, in __call__
    return self.main(*args, **kwargs)
  File "/home/kruu/.conda/envs/wake_encounter/lib/python3.10/site-packages/click/core.py", line 1078, in main
    rv = self.invoke(ctx)
  File "/home/kruu/.conda/envs/wake_encounter/lib/python3.10/site-packages/click/core.py", line 1434, in invoke
    return ctx.invoke(self.callback, **ctx.params)
  File "/home/kruu/.conda/envs/wake_encounter/lib/python3.10/site-packages/click/core.py", line 783, in invoke
    return __callback(*args, **kwargs)
  File "/home/kruu/git_folder/wake_encounter/wake_modeling/fwc_wake_encounter.py", line 122, in main
    fuselage_wing_config.run()
  File "/home/kruu/git_folder/wake_encounter/wake_modeling/fuselage_wing_configuration.py", line 70, in run
    sharpy.sharpy_main.main(['', self.case_route + '/' + self.case_name + '.sharpy'])  
  File "/home/kruu/.local/lib/python3.10/site-packages/sharpy/sharpy_main.py", line 167, in main
    raise e
  File "/home/kruu/.local/lib/python3.10/site-packages/sharpy/sharpy_main.py", line 142, in main
    data = solvers[solver_name].run(solvers=solvers)
  File "/home/kruu/.local/lib/python3.10/site-packages/sharpy/solvers/dynamiccoupled.py", line 474, in run
    self.time_loop(solvers=solvers)
  File "/home/kruu/.local/lib/python3.10/site-packages/sharpy/solvers/dynamiccoupled.py", line 655, in time_loop
    raise exc.NotConvergedSolver('NaN found in unsteady_applied_forces!')
sharpy.utils.exceptions.NotConvergedSolver: NaN found in unsteady_applied_forces!
STOP Singular matrix
STOP Singular matrix
/home/kruu/.local/lib/python3.10/site-packages/sharpy/utils/algebra.py:1625: RuntimeWarning: invalid value encountered in scalar subtract
  res[0] = v[1]*w[2] - v[2]*w[1]
/home/kruu/.local/lib/python3.10/site-packages/sharpy/utils/algebra.py:1626: RuntimeWarning: invalid value encountered in scalar add
  res[1] = -v[0]*w[2] + v[2]*w[0]
/home/kruu/.local/lib/python3.10/site-packages/sharpy/utils/algebra.py:1627: RuntimeWarning: invalid value encountered in scalar subtract
  res[2] = v[0]*w[1] - v[1]*w[0]
/home/kruu/.local/lib/python3.10/site-packages/sharpy/aero/utils/mapping.py:74: RuntimeWarning: invalid value encountered in add
  struct_forces[i_global_node, 0:3] += np.dot(cbg, aero_forces[i_surf][0:3, i_m, i_n])
/home/kruu/.local/lib/python3.10/site-packages/sharpy/utils/algebra.py:1625: RuntimeWarning: invalid value encountered in scalar multiply
  res[0] = v[1]*w[2] - v[2]*w[1]
/home/kruu/.local/lib/python3.10/site-packages/sharpy/utils/algebra.py:1626: RuntimeWarning: invalid value encountered in scalar multiply
  res[1] = -v[0]*w[2] + v[2]*w[0]
/home/kruu/.local/lib/python3.10/site-packages/sharpy/utils/algebra.py:1627: RuntimeWarning: invalid value encountered in scalar multiply
  res[2] = v[0]*w[1] - v[1]*w[0]
Traceback (most recent call last):
  File "/home/kruu/git_folder/wake_encounter/wake_modeling/fwc_wake_encounter.py", line 134, in <module>
    main()
  File "/home/kruu/.conda/envs/wake_encounter/lib/python3.10/site-packages/click/core.py", line 1157, in __call__
    return self.main(*args, **kwargs)
  File "/home/kruu/.conda/envs/wake_encounter/lib/python3.10/site-packages/click/core.py", line 1078, in main
    rv = self.invoke(ctx)
  File "/home/kruu/.conda/envs/wake_encounter/lib/python3.10/site-packages/click/core.py", line 1434, in invoke
    return ctx.invoke(self.callback, **ctx.params)
  File "/home/kruu/.conda/envs/wake_encounter/lib/python3.10/site-packages/click/core.py", line 783, in invoke
    return __callback(*args, **kwargs)
  File "/home/kruu/git_folder/wake_encounter/wake_modeling/fwc_wake_encounter.py", line 122, in main
    fuselage_wing_config.run()
  File "/home/kruu/git_folder/wake_encounter/wake_modeling/fuselage_wing_configuration.py", line 70, in run
    sharpy.sharpy_main.main(['', self.case_route + '/' + self.case_name + '.sharpy'])  
  File "/home/kruu/.local/lib/python3.10/site-packages/sharpy/sharpy_main.py", line 167, in main
    raise e
  File "/home/kruu/.local/lib/python3.10/site-packages/sharpy/sharpy_main.py", line 142, in main
    data = solvers[solver_name].run(solvers=solvers)
  File "/home/kruu/.local/lib/python3.10/site-packages/sharpy/solvers/dynamiccoupled.py", line 474, in run
    self.time_loop(solvers=solvers)
  File "/home/kruu/.local/lib/python3.10/site-packages/sharpy/solvers/dynamiccoupled.py", line 653, in time_loop
    raise exc.NotConvergedSolver('NaN found in steady_applied_forces!')
sharpy.utils.exceptions.NotConvergedSolver: NaN found in steady_applied_forces!
Traceback (most recent call last):
  File "/home/kruu/git_folder/wake_encounter/wake_modeling/fwc_wake_encounter.py", line 134, in <module>
    main()
  File "/home/kruu/.conda/envs/wake_encounter/lib/python3.10/site-packages/click/core.py", line 1157, in __call__
    return self.main(*args, **kwargs)
  File "/home/kruu/.conda/envs/wake_encounter/lib/python3.10/site-packages/click/core.py", line 1078, in main
    rv = self.invoke(ctx)
  File "/home/kruu/.conda/envs/wake_encounter/lib/python3.10/site-packages/click/core.py", line 1434, in invoke
    return ctx.invoke(self.callback, **ctx.params)
  File "/home/kruu/.conda/envs/wake_encounter/lib/python3.10/site-packages/click/core.py", line 783, in invoke
    return __callback(*args, **kwargs)
  File "/home/kruu/git_folder/wake_encounter/wake_modeling/fwc_wake_encounter.py", line 122, in main
    fuselage_wing_config.run()
  File "/home/kruu/git_folder/wake_encounter/wake_modeling/fuselage_wing_configuration.py", line 70, in run
    sharpy.sharpy_main.main(['', self.case_route + '/' + self.case_name + '.sharpy'])  
  File "/home/kruu/.local/lib/python3.10/site-packages/sharpy/sharpy_main.py", line 167, in main
    raise e
  File "/home/kruu/.local/lib/python3.10/site-packages/sharpy/sharpy_main.py", line 142, in main
    data = solvers[solver_name].run(solvers=solvers)
  File "/home/kruu/.local/lib/python3.10/site-packages/sharpy/solvers/dynamiccoupled.py", line 474, in run
    self.time_loop(solvers=solvers)
  File "/home/kruu/.local/lib/python3.10/site-packages/sharpy/solvers/dynamiccoupled.py", line 655, in time_loop
    raise exc.NotConvergedSolver('NaN found in unsteady_applied_forces!')
sharpy.utils.exceptions.NotConvergedSolver: NaN found in unsteady_applied_forces!
STOP Singular matrix
Traceback (most recent call last):
  File "/home/kruu/git_folder/wake_encounter/wake_modeling/fwc_wake_encounter.py", line 134, in <module>
    main()
  File "/home/kruu/.conda/envs/wake_encounter/lib/python3.10/site-packages/click/core.py", line 1157, in __call__
    return self.main(*args, **kwargs)
  File "/home/kruu/.conda/envs/wake_encounter/lib/python3.10/site-packages/click/core.py", line 1078, in main
    rv = self.invoke(ctx)
  File "/home/kruu/.conda/envs/wake_encounter/lib/python3.10/site-packages/click/core.py", line 1434, in invoke
    return ctx.invoke(self.callback, **ctx.params)
  File "/home/kruu/.conda/envs/wake_encounter/lib/python3.10/site-packages/click/core.py", line 783, in invoke
    return __callback(*args, **kwargs)
  File "/home/kruu/git_folder/wake_encounter/wake_modeling/fwc_wake_encounter.py", line 122, in main
    fuselage_wing_config.run()
  File "/home/kruu/git_folder/wake_encounter/wake_modeling/fuselage_wing_configuration.py", line 70, in run
    sharpy.sharpy_main.main(['', self.case_route + '/' + self.case_name + '.sharpy'])  
  File "/home/kruu/.local/lib/python3.10/site-packages/sharpy/sharpy_main.py", line 167, in main
    raise e
  File "/home/kruu/.local/lib/python3.10/site-packages/sharpy/sharpy_main.py", line 142, in main
    data = solvers[solver_name].run(solvers=solvers)
  File "/home/kruu/.local/lib/python3.10/site-packages/sharpy/solvers/dynamiccoupled.py", line 474, in run
    self.time_loop(solvers=solvers)
  File "/home/kruu/.local/lib/python3.10/site-packages/sharpy/solvers/dynamiccoupled.py", line 655, in time_loop
    raise exc.NotConvergedSolver('NaN found in unsteady_applied_forces!')
sharpy.utils.exceptions.NotConvergedSolver: NaN found in unsteady_applied_forces!
STOP Singular matrix
STOP Singular matrix
STOP Singular matrix
STOP Singular matrix
STOP Singular matrix
/home/kruu/.conda/envs/wake_encounter/lib/python3.10/site-packages/scipy/signal/_signaltools.py:1621: RuntimeWarning: invalid value encountered in subtract
  lVar = (correlate(im ** 2, np.ones(mysize), 'same') /
/home/kruu/.conda/envs/wake_encounter/lib/python3.10/site-packages/scipy/signal/_signaltools.py:1628: RuntimeWarning: invalid value encountered in subtract
  res = (im - lMean)
Traceback (most recent call last):
  File "/home/kruu/git_folder/wake_encounter/wake_modeling/fwc_wake_encounter.py", line 134, in <module>
    main()
  File "/home/kruu/.conda/envs/wake_encounter/lib/python3.10/site-packages/click/core.py", line 1157, in __call__
    return self.main(*args, **kwargs)
  File "/home/kruu/.conda/envs/wake_encounter/lib/python3.10/site-packages/click/core.py", line 1078, in main
    rv = self.invoke(ctx)
  File "/home/kruu/.conda/envs/wake_encounter/lib/python3.10/site-packages/click/core.py", line 1434, in invoke
    return ctx.invoke(self.callback, **ctx.params)
  File "/home/kruu/.conda/envs/wake_encounter/lib/python3.10/site-packages/click/core.py", line 783, in invoke
    return __callback(*args, **kwargs)
  File "/home/kruu/git_folder/wake_encounter/wake_modeling/fwc_wake_encounter.py", line 122, in main
    fuselage_wing_config.run()
  File "/home/kruu/git_folder/wake_encounter/wake_modeling/fuselage_wing_configuration.py", line 70, in run
    sharpy.sharpy_main.main(['', self.case_route + '/' + self.case_name + '.sharpy'])  
  File "/home/kruu/.local/lib/python3.10/site-packages/sharpy/sharpy_main.py", line 167, in main
    raise e
  File "/home/kruu/.local/lib/python3.10/site-packages/sharpy/sharpy_main.py", line 142, in main
    data = solvers[solver_name].run(solvers=solvers)
  File "/home/kruu/.local/lib/python3.10/site-packages/sharpy/solvers/dynamiccoupled.py", line 474, in run
    self.time_loop(solvers=solvers)
  File "/home/kruu/.local/lib/python3.10/site-packages/sharpy/solvers/dynamiccoupled.py", line 653, in time_loop
    raise exc.NotConvergedSolver('NaN found in steady_applied_forces!')
sharpy.utils.exceptions.NotConvergedSolver: NaN found in steady_applied_forces!
STOP Singular matrix
STOP Singular matrix
STOP Singular matrix
STOP Singular matrix
Traceback (most recent call last):
  File "/home/kruu/git_folder/wake_encounter/wake_modeling/fwc_wake_encounter.py", line 134, in <module>
    main()
  File "/home/kruu/.conda/envs/wake_encounter/lib/python3.10/site-packages/click/core.py", line 1157, in __call__
    return self.main(*args, **kwargs)
  File "/home/kruu/.conda/envs/wake_encounter/lib/python3.10/site-packages/click/core.py", line 1078, in main
    rv = self.invoke(ctx)
  File "/home/kruu/.conda/envs/wake_encounter/lib/python3.10/site-packages/click/core.py", line 1434, in invoke
    return ctx.invoke(self.callback, **ctx.params)
  File "/home/kruu/.conda/envs/wake_encounter/lib/python3.10/site-packages/click/core.py", line 783, in invoke
    return __callback(*args, **kwargs)
  File "/home/kruu/git_folder/wake_encounter/wake_modeling/fwc_wake_encounter.py", line 122, in main
    fuselage_wing_config.run()
  File "/home/kruu/git_folder/wake_encounter/wake_modeling/fuselage_wing_configuration.py", line 70, in run
    sharpy.sharpy_main.main(['', self.case_route + '/' + self.case_name + '.sharpy'])  
  File "/home/kruu/.local/lib/python3.10/site-packages/sharpy/sharpy_main.py", line 167, in main
    raise e
  File "/home/kruu/.local/lib/python3.10/site-packages/sharpy/sharpy_main.py", line 142, in main
    data = solvers[solver_name].run(solvers=solvers)
  File "/home/kruu/.local/lib/python3.10/site-packages/sharpy/solvers/dynamiccoupled.py", line 474, in run
    self.time_loop(solvers=solvers)
  File "/home/kruu/.local/lib/python3.10/site-packages/sharpy/solvers/dynamiccoupled.py", line 655, in time_loop
    raise exc.NotConvergedSolver('NaN found in unsteady_applied_forces!')
sharpy.utils.exceptions.NotConvergedSolver: NaN found in unsteady_applied_forces!
STOP Singular matrix
Running Simulation 4...
Running Simulation 83...
Running Simulation 36...
Running Simulation 70...
Running Simulation 57...
Running Simulation 87...
Running Simulation 74...
Running Simulation 86...
Running Simulation 29...
Running Simulation 9...
Running Simulation 24...
Running Simulation 68...
Running Simulation 41...
Running Simulation 97...
Running Simulation 65...
Running Simulation 10...
Running Simulation 42...
Running Simulation 5...
Running Simulation 59...
Running Simulation 12...
Running Simulation 82...
Running Simulation 61...
Running Simulation 33...
Running Simulation 53...
Running Simulation 75...
Running Simulation 89...
Running Simulation 15...
Running Simulation 62...
Running Simulation 63...
Running Simulation 23...
Running Simulation 25...
Running Simulation 77...
Running Simulation 99...
Running Simulation 88...
Running Simulation 22...
Running Simulation 6...
Running Simulation 64...
Running Simulation 71...
Running Simulation 72...
Running Simulation 32...
Running Simulation 18...
Running Simulation 56...
Running Simulation 79...
Running Simulation 7...
Running Simulation 37...
Running Simulation 85...
Running Simulation 46...
Running Simulation 34...
Running Simulation 39...
Running Simulation 31...
Running Simulation 80...
Running Simulation 1...
Running Simulation 96...
Running Simulation 93...
Running Simulation 26...
Running Simulation 78...
Running Simulation 98...
Running Simulation 84...
Running Simulation 2...
Running Simulation 0...
Running Simulation 58...
Running Simulation 8...
Running Simulation 16...
Running Simulation 92...
Running Simulation 28...
Running Simulation 67...
Running Simulation 51...
Running Simulation 30...
Running Simulation 14...
Running Simulation 60...
Running Simulation 69...
Running Simulation 20...
Running Simulation 45...
Running Simulation 50...
Running Simulation 48...
Running Simulation 81...
Running Simulation 43...
Running Simulation 73...
Running Simulation 91...
Running Simulation 55...
Running Simulation 94...
Running Simulation 11...
Running Simulation 95...
Running Simulation 13...
Running Simulation 44...
Running Simulation 49...
Running Simulation 47...
Running Simulation 17...
Running Simulation 52...
Running Simulation 66...
Running Simulation 76...
Running Simulation 21...
Running Simulation 40...
Running Simulation 27...
Running Simulation 54...
Running Simulation 90...
Running Simulation 3...
Running Simulation 35...
Running Simulation 38...
Running Simulation 19...
